<?xml version="1.0" encoding="UTF-8"?>
<testsuite xmlns:xsi="http://www.w3.org/2001/XMLSchema-instance" xsi:noNamespaceSchemaLocation="https://maven.apache.org/surefire/maven-surefire-plugin/xsd/surefire-test-report.xsd" name="com.southwind.springboot_test.repository.BookRepositoryTest" time="13.232" tests="1" errors="1" skipped="0" failures="0">
  <properties>
[...]
</properties>
  <testcase name="delete" classname="com.southwind.springboot_test.repository.BookRepositoryTest" time="0.509">
    <error message="No class com.southwind.springboot_test.entity.Book entity with id 122 exists!" type="org.springframework.dao.EmptyResultDataAccessException">org.springframework.dao.EmptyResultDataAccessException: No class com.southwind.springboot_test.entity.Book entity with id 122 exists!
	at com.southwind.springboot_test.repository.BookRepositoryTest.delete(BookRepositoryTest.java:47)
</error>
    <system-out><![CDATA[17:34:04.224 [main] DEBUG org.springframework.test.context.BootstrapUtils - Instantiating CacheAwareContextLoaderDelegate from class [org.springframework.test.context.cache.DefaultCacheAwareContextLoaderDelegate]
17:34:04.245 [main] DEBUG org.springframework.test.context.BootstrapUtils - Instantiating BootstrapContext using constructor [public org.springframework.test.context.support.DefaultBootstrapContext(java.lang.Class,org.springframework.test.context.CacheAwareContextLoaderDelegate)]
17:34:04.305 [main] DEBUG org.springframework.test.context.BootstrapUtils - Instantiating TestContextBootstrapper for test class [com.southwind.springboot_test.repository.BookRepositoryTest] from class [org.springframework.boot.test.context.SpringBootTestContextBootstrapper]
17:34:04.331 [main] INFO org.springframework.boot.test.context.SpringBootTestContextBootstrapper - Neither @ContextConfiguration nor @ContextHierarchy found for test class [com.southwind.springboot_test.repository.BookRepositoryTest], using SpringBootContextLoader
17:34:04.339 [main] DEBUG org.springframework.test.context.support.AbstractContextLoader - Did not detect default resource location for test class [com.southwind.springboot_test.repository.BookRepositoryTest]: class path resource [com/southwind/springboot_test/repository/BookRepositoryTest-context.xml] does not exist
17:34:04.339 [main] DEBUG org.springframework.test.context.support.AbstractContextLoader - Did not detect default resource location for test class [com.southwind.springboot_test.repository.BookRepositoryTest]: class path resource [com/southwind/springboot_test/repository/BookRepositoryTestContext.groovy] does not exist
17:34:04.340 [main] INFO org.springframework.test.context.support.AbstractContextLoader - Could not detect default resource locations for test class [com.southwind.springboot_test.repository.BookRepositoryTest]: no resource found for suffixes {-context.xml, Context.groovy}.
17:34:04.342 [main] INFO org.springframework.test.context.support.AnnotationConfigContextLoaderUtils - Could not detect default configuration classes for test class [com.southwind.springboot_test.repository.BookRepositoryTest]: BookRepositoryTest does not declare any static, non-private, non-final, nested classes annotated with @Configuration.
17:34:04.428 [main] DEBUG org.springframework.test.context.support.ActiveProfilesUtils - Could not find an 'annotation declaring class' for annotation type [org.springframework.test.context.ActiveProfiles] and class [com.southwind.springboot_test.repository.BookRepositoryTest]
17:34:04.542 [main] DEBUG org.springframework.context.annotation.ClassPathScanningCandidateComponentProvider - Identified candidate component class: file [D:\学习软件安装\Vue Workspaces\springboot_test\target\classes\com\southwind\springboot_test\SpringbootTestApplication.class]
17:34:04.543 [main] INFO org.springframework.boot.test.context.SpringBootTestContextBootstrapper - Found @SpringBootConfiguration com.southwind.springboot_test.SpringbootTestApplication for test class com.southwind.springboot_test.repository.BookRepositoryTest
17:34:04.742 [main] DEBUG org.springframework.boot.test.context.SpringBootTestContextBootstrapper - @TestExecutionListeners is not present for class [com.southwind.springboot_test.repository.BookRepositoryTest]: using defaults.
17:34:04.743 [main] INFO org.springframework.boot.test.context.SpringBootTestContextBootstrapper - Loaded default TestExecutionListener class names from location [META-INF/spring.factories]: [org.springframework.boot.test.mock.mockito.MockitoTestExecutionListener, org.springframework.boot.test.mock.mockito.ResetMocksTestExecutionListener, org.springframework.boot.test.autoconfigure.restdocs.RestDocsTestExecutionListener, org.springframework.boot.test.autoconfigure.web.client.MockRestServiceServerResetTestExecutionListener, org.springframework.boot.test.autoconfigure.web.servlet.MockMvcPrintOnlyOnFailureTestExecutionListener, org.springframework.boot.test.autoconfigure.web.servlet.WebDriverTestExecutionListener, org.springframework.boot.test.autoconfigure.webservices.client.MockWebServiceServerTestExecutionListener, org.springframework.test.context.web.ServletTestExecutionListener, org.springframework.test.context.support.DirtiesContextBeforeModesTestExecutionListener, org.springframework.test.context.support.DependencyInjectionTestExecutionListener, org.springframework.test.context.support.DirtiesContextTestExecutionListener, org.springframework.test.context.transaction.TransactionalTestExecutionListener, org.springframework.test.context.jdbc.SqlScriptsTestExecutionListener, org.springframework.test.context.event.EventPublishingTestExecutionListener]
17:34:04.797 [main] INFO org.springframework.boot.test.context.SpringBootTestContextBootstrapper - Using TestExecutionListeners: [org.springframework.test.context.web.ServletTestExecutionListener@548d708a, org.springframework.test.context.support.DirtiesContextBeforeModesTestExecutionListener@4b013c76, org.springframework.boot.test.mock.mockito.MockitoTestExecutionListener@53fb3dab, org.springframework.boot.test.autoconfigure.SpringBootDependencyInjectionTestExecutionListener@cb0755b, org.springframework.test.context.support.DirtiesContextTestExecutionListener@33065d67, org.springframework.test.context.transaction.TransactionalTestExecutionListener@712625fd, org.springframework.test.context.jdbc.SqlScriptsTestExecutionListener@7bba5817, org.springframework.test.context.event.EventPublishingTestExecutionListener@742ff096, org.springframework.boot.test.mock.mockito.ResetMocksTestExecutionListener@75437611, org.springframework.boot.test.autoconfigure.restdocs.RestDocsTestExecutionListener@350aac89, org.springframework.boot.test.autoconfigure.web.client.MockRestServiceServerResetTestExecutionListener@1c5920df, org.springframework.boot.test.autoconfigure.web.servlet.MockMvcPrintOnlyOnFailureTestExecutionListener@17f9d882, org.springframework.boot.test.autoconfigure.web.servlet.WebDriverTestExecutionListener@79e4c792, org.springframework.boot.test.autoconfigure.webservices.client.MockWebServiceServerTestExecutionListener@196a42c3]
17:34:04.813 [main] DEBUG org.springframework.test.context.support.AbstractDirtiesContextTestExecutionListener - Before test class: context [DefaultTestContext@909217e testClass = BookRepositoryTest, testInstance = [null], testMethod = [null], testException = [null], mergedContextConfiguration = [WebMergedContextConfiguration@18271936 testClass = BookRepositoryTest, locations = '{}', classes = '{class com.southwind.springboot_test.SpringbootTestApplication}', contextInitializerClasses = '[]', activeProfiles = '{}', propertySourceLocations = '{}', propertySourceProperties = '{org.springframework.boot.test.context.SpringBootTestContextBootstrapper=true}', contextCustomizers = set[org.springframework.boot.test.context.filter.ExcludeFilterContextCustomizer@1ab3a8c8, org.springframework.boot.test.json.DuplicateJsonObjectContextCustomizerFactory$DuplicateJsonObjectContextCustomizer@479d31f3, org.springframework.boot.test.mock.mockito.MockitoContextCustomizer@0, org.springframework.boot.test.web.client.TestRestTemplateContextCustomizer@6aba2b86, org.springframework.boot.test.autoconfigure.properties.PropertyMappingContextCustomizer@0, org.springframework.boot.test.autoconfigure.web.servlet.WebDriverContextCustomizerFactory$Customizer@59309333, org.springframework.boot.test.context.SpringBootTestArgs@1], resourceBasePath = 'src/main/webapp', contextLoader = 'org.springframework.boot.test.context.SpringBootContextLoader', parent = [null]], attributes = map['org.springframework.test.context.web.ServletTestExecutionListener.activateListener' -> true]], class annotated with @DirtiesContext [false] with mode [null].
17:34:04.877 [main] DEBUG org.springframework.test.context.support.TestPropertySourceUtils - Adding inlined properties to environment: {spring.jmx.enabled=false, org.springframework.boot.test.context.SpringBootTestContextBootstrapper=true}

  .   ____          _            __ _ _
 /\\ / ___'_ __ _ _(_)_ __  __ _ \ \ \ \
( ( )\___ | '_ | '_| | '_ \/ _` | \ \ \ \
 \\/  ___)| |_)| | | | | || (_| |  ) ) ) )
  '  |____| .__|_| |_|_| |_\__, | / / / /
 =========|_|==============|___/=/_/_/_/
 :: Spring Boot ::        (v2.3.3.RELEASE)

2020-11-07 17:34:05.562  INFO 15340 --- [           main] c.s.s.repository.BookRepositoryTest      : Starting BookRepositoryTest on DESKTOP-14KAF91 with PID 15340 (started by g in D:\学习软件安装\Vue Workspaces\springboot_test)
2020-11-07 17:34:05.565  INFO 15340 --- [           main] c.s.s.repository.BookRepositoryTest      : No active profile set, falling back to default profiles: default
2020-11-07 17:34:07.157  INFO 15340 --- [           main] .s.d.r.c.RepositoryConfigurationDelegate : Bootstrapping Spring Data JPA repositories in DEFERRED mode.
2020-11-07 17:34:07.291  INFO 15340 --- [           main] .s.d.r.c.RepositoryConfigurationDelegate : Finished Spring Data repository scanning in 100ms. Found 1 JPA repository interfaces.
2020-11-07 17:34:08.415  INFO 15340 --- [           main] o.s.s.concurrent.ThreadPoolTaskExecutor  : Initializing ExecutorService 'applicationTaskExecutor'
2020-11-07 17:34:08.473  INFO 15340 --- [           main] com.zaxxer.hikari.HikariDataSource       : HikariPool-1 - Starting...
2020-11-07 17:34:10.097  INFO 15340 --- [           main] com.zaxxer.hikari.HikariDataSource       : HikariPool-1 - Start completed.
2020-11-07 17:34:10.216  INFO 15340 --- [         task-1] o.hibernate.jpa.internal.util.LogHelper  : HHH000204: Processing PersistenceUnitInfo [name: default]
2020-11-07 17:34:10.465  INFO 15340 --- [         task-1] org.hibernate.Version                    : HHH000412: Hibernate ORM core version 5.4.20.Final
2020-11-07 17:34:11.306  WARN 15340 --- [           main] JpaBaseConfiguration$JpaWebConfiguration : spring.jpa.open-in-view is enabled by default. Therefore, database queries may be performed during view rendering. Explicitly configure spring.jpa.open-in-view to disable this warning
2020-11-07 17:34:11.309  INFO 15340 --- [         task-1] o.hibernate.annotations.common.Version   : HCANN000001: Hibernate Commons Annotations {5.1.0.Final}
2020-11-07 17:34:12.308  INFO 15340 --- [         task-1] org.hibernate.dialect.Dialect            : HHH000400: Using dialect: org.hibernate.dialect.MySQL57Dialect
2020-11-07 17:34:14.924  INFO 15340 --- [           main] DeferredRepositoryInitializationListener : Triggering deferred initialization of Spring Data repositories…
2020-11-07 17:34:15.811  INFO 15340 --- [         task-1] o.h.e.t.j.p.i.JtaPlatformInitiator       : HHH000490: Using JtaPlatform implementation: [org.hibernate.engine.transaction.jta.platform.internal.NoJtaPlatform]
2020-11-07 17:34:15.828  INFO 15340 --- [         task-1] j.LocalContainerEntityManagerFactoryBean : Initialized JPA EntityManagerFactory for persistence unit 'default'
2020-11-07 17:34:16.740  INFO 15340 --- [           main] DeferredRepositoryInitializationListener : Spring Data repositories initialized!
2020-11-07 17:34:16.768  INFO 15340 --- [           main] c.s.s.repository.BookRepositoryTest      : Started BookRepositoryTest in 11.867 seconds (JVM running for 13.683)
]]></system-out>
  </testcase>
</testsuite>